2024-03-13 19:36:53,870 - ERROR - Unexpected error while retrieving categories: (psycopg2.OperationalError) connection to server at "127.0.0.1", port 5433 failed: Connection refused
	Is the server running on that host and accepting TCP/IP connections?

(Background on this error at: https://sqlalche.me/e/20/e3q8)
2024-03-13 19:53:00,341 - ERROR - Unexpected error while retrieving categories: Internal server error
2024-03-13 19:53:00,362 - ERROR - Unexpected error while retrieving categories: Internal server error
2024-03-13 19:53:00,366 - ERROR - Unexpected error while retrieving categories: Internal server error
2024-03-13 19:53:00,369 - ERROR - Unexpected error while retrieving categories: Internal server error
2024-03-13 19:53:00,378 - ERROR - Unexpected error while retrieving categories: Internal server error
2024-03-13 19:53:00,389 - ERROR - Unexpected error while creating category: Internal server error
2024-03-13 19:54:07,813 - ERROR - Unexpected error while retrieving categories: Internal server error
2024-03-13 19:54:07,833 - ERROR - Unexpected error while retrieving categories: Internal server error
2024-03-13 19:54:07,836 - ERROR - Unexpected error while retrieving categories: Internal server error
2024-03-13 19:54:07,839 - ERROR - Unexpected error while retrieving categories: Internal server error
2024-03-13 19:54:07,847 - ERROR - Unexpected error while retrieving categories: Internal server error
2024-03-13 19:54:07,870 - ERROR - Unexpected error while creating category: Internal server error
2024-03-13 19:56:48,541 - ERROR - Unexpected error while retrieving categories: 
2024-03-13 19:56:48,549 - ERROR - Unexpected error while retrieving categories: Internal server error
2024-03-13 19:56:48,569 - ERROR - Unexpected error while retrieving categories: Internal server error
2024-03-13 19:56:48,571 - ERROR - Unexpected error while retrieving categories: Internal server error
2024-03-13 19:56:48,574 - ERROR - Unexpected error while retrieving categories: Internal server error
2024-03-13 19:56:48,584 - ERROR - Unexpected error while retrieving categories: Internal server error
2024-03-13 19:56:48,595 - ERROR - Unexpected error while creating category: Internal server error
2024-03-13 19:56:55,762 - ERROR - Unexpected error while retrieving categories: Internal server error
2024-03-13 19:56:55,782 - ERROR - Unexpected error while retrieving categories: Internal server error
2024-03-13 19:56:55,784 - ERROR - Unexpected error while retrieving categories: Internal server error
2024-03-13 19:56:55,787 - ERROR - Unexpected error while retrieving categories: Internal server error
2024-03-13 19:56:55,797 - ERROR - Unexpected error while retrieving categories: Internal server error
2024-03-13 19:56:55,808 - ERROR - Unexpected error while creating category: Internal server error
2024-03-13 19:58:10,201 - ERROR - Unexpected error while retrieving categories: Internal server error
2024-03-13 19:58:10,220 - ERROR - Unexpected error while retrieving categories: Internal server error
2024-03-13 19:58:10,224 - ERROR - Unexpected error while retrieving categories: Internal server error
2024-03-13 19:58:10,227 - ERROR - Unexpected error while retrieving categories: Internal server error
2024-03-13 19:58:10,235 - ERROR - Unexpected error while retrieving categories: Internal server error
2024-03-13 19:58:10,246 - ERROR - Unexpected error while creating category: Internal server error
2024-03-13 19:58:35,207 - ERROR - Unexpected error while retrieving categories: Internal server error
2024-03-13 19:58:35,228 - ERROR - Unexpected error while retrieving categories: Internal server error
2024-03-13 19:58:35,230 - ERROR - Unexpected error while retrieving categories: Internal server error
2024-03-13 19:58:35,233 - ERROR - Unexpected error while retrieving categories: Internal server error
2024-03-13 19:58:35,242 - ERROR - Unexpected error while retrieving categories: Internal server error
2024-03-13 19:58:35,253 - ERROR - Unexpected error while creating category: Internal server error
2024-03-13 19:58:44,260 - ERROR - Unexpected error while retrieving categories: Internal server error
2024-03-13 19:58:44,279 - ERROR - Unexpected error while retrieving categories: Internal server error
2024-03-13 19:58:44,283 - ERROR - Unexpected error while retrieving categories: Internal server error
2024-03-13 19:58:44,285 - ERROR - Unexpected error while retrieving categories: Internal server error
2024-03-13 19:58:44,294 - ERROR - Unexpected error while retrieving categories: Internal server error
2024-03-13 19:58:44,305 - ERROR - Unexpected error while creating category: Internal server error
2024-03-13 19:58:59,674 - ERROR - Unexpected error while retrieving categories: Internal server error
2024-03-13 19:58:59,694 - ERROR - Unexpected error while retrieving categories: Internal server error
2024-03-13 19:58:59,696 - ERROR - Unexpected error while retrieving categories: Internal server error
2024-03-13 19:58:59,699 - ERROR - Unexpected error while retrieving categories: Internal server error
2024-03-13 19:58:59,709 - ERROR - Unexpected error while retrieving categories: Internal server error
2024-03-13 19:58:59,720 - ERROR - Unexpected error while creating category: Internal server error
2024-04-05 19:01:30,001 - ERROR - Unexpected error while retrieving categories: Internal server error
2024-04-05 19:01:30,026 - ERROR - Unexpected error while retrieving categories: Internal server error
2024-04-05 19:01:30,080 - ERROR - Unexpected error while retrieving categories: Internal server error
2024-04-05 19:01:30,088 - ERROR - Unexpected error while retrieving categories: Internal server error
2024-04-05 19:01:30,094 - ERROR - Unexpected error while retrieving categories: Internal server error
2024-04-05 19:01:30,121 - ERROR - Unexpected error while retrieving categories: Internal server error
2024-04-05 19:01:30,152 - ERROR - Unexpected error while creating category: Internal server error
2024-04-05 19:02:23,017 - ERROR - Unexpected error while retrieving categories: Internal server error
2024-04-05 19:02:23,032 - ERROR - Unexpected error while retrieving categories: Internal server error
2024-04-05 19:02:23,096 - ERROR - Unexpected error while retrieving categories: Internal server error
2024-04-05 19:02:23,111 - ERROR - Unexpected error while retrieving categories: Internal server error
2024-04-05 19:02:23,112 - ERROR - Unexpected error while retrieving categories: Internal server error
2024-04-05 19:02:23,142 - ERROR - Unexpected error while retrieving categories: Internal server error
2024-04-05 19:02:23,174 - ERROR - Unexpected error while creating category: Internal server error
2024-04-05 19:03:09,735 - ERROR - Unexpected error while retrieving categories: Internal server error
2024-04-05 19:03:09,763 - ERROR - Unexpected error while retrieving categories: Internal server error
2024-04-05 19:03:09,818 - ERROR - Unexpected error while retrieving categories: Internal server error
2024-04-05 19:03:09,825 - ERROR - Unexpected error while retrieving categories: Internal server error
2024-04-05 19:03:09,834 - ERROR - Unexpected error while retrieving categories: Internal server error
2024-04-05 19:03:09,858 - ERROR - Unexpected error while retrieving categories: Internal server error
2024-04-05 19:03:09,889 - ERROR - Unexpected error while creating category: Internal server error
2024-04-05 19:03:21,679 - ERROR - Unexpected error while retrieving categories: Internal server error
2024-04-05 19:03:21,705 - ERROR - Unexpected error while retrieving categories: Internal server error
2024-04-05 19:03:21,761 - ERROR - Unexpected error while retrieving categories: Internal server error
2024-04-05 19:03:21,786 - ERROR - Unexpected error while retrieving categories: Internal server error
2024-04-05 19:03:21,807 - ERROR - Unexpected error while retrieving categories: Internal server error
2024-04-05 19:03:21,832 - ERROR - Unexpected error while retrieving categories: Internal server error
2024-04-05 19:03:21,863 - ERROR - Unexpected error while creating category: Internal server error
2024-04-05 19:05:05,552 - ERROR - Unexpected error while retrieving categories: Internal server error
2024-04-05 19:05:05,583 - ERROR - Unexpected error while retrieving categories: Internal server error
2024-04-05 19:05:05,644 - ERROR - Unexpected error while retrieving categories: Internal server error
2024-04-05 19:05:05,652 - ERROR - Unexpected error while retrieving categories: Internal server error
2024-04-05 19:05:05,657 - ERROR - Unexpected error while retrieving categories: Internal server error
2024-04-05 19:05:05,689 - ERROR - Unexpected error while retrieving categories: Internal server error
2024-04-05 19:05:05,728 - ERROR - Unexpected error while creating category: Internal server error
2024-04-05 19:08:20,998 - ERROR - Unexpected error while retrieving categories: Internal server error
2024-04-05 19:08:21,022 - ERROR - Unexpected error while retrieving categories: Internal server error
2024-04-05 19:08:21,066 - ERROR - Unexpected error while retrieving categories: Internal server error
2024-04-05 19:08:21,083 - ERROR - Unexpected error while retrieving categories: Internal server error
2024-04-05 19:08:21,085 - ERROR - Unexpected error while retrieving categories: Internal server error
2024-04-05 19:08:21,114 - ERROR - Unexpected error while retrieving categories: Internal server error
2024-04-05 19:08:21,136 - ERROR - Unexpected error while creating category: Internal server error
2024-04-05 19:39:10,490 - ERROR - Unexpected error while retrieving categories: Internal server error
2024-04-05 19:39:10,511 - ERROR - Unexpected error while retrieving categories: Internal server error
2024-04-05 19:39:10,560 - ERROR - Unexpected error while retrieving categories: Internal server error
2024-04-05 19:39:10,576 - ERROR - Unexpected error while retrieving categories: Internal server error
2024-04-05 19:39:10,576 - ERROR - Unexpected error while retrieving categories: Internal server error
2024-04-05 19:39:10,608 - ERROR - Unexpected error while retrieving categories: Internal server error
2024-04-05 19:39:10,639 - ERROR - Unexpected error while creating category: Internal server error
2024-04-05 22:14:27,607 - ERROR - Unexpected error while retrieving categories: Internal server error
2024-04-05 22:14:27,654 - ERROR - Unexpected error while retrieving categories: Internal server error
2024-04-05 22:14:27,716 - ERROR - Unexpected error while retrieving categories: Internal server error
2024-04-05 22:14:27,723 - ERROR - Unexpected error while retrieving categories: Internal server error
2024-04-05 22:14:27,732 - ERROR - Unexpected error while retrieving categories: Internal server error
2024-04-05 22:14:27,756 - ERROR - Unexpected error while retrieving categories: Internal server error
2024-04-05 22:14:27,789 - ERROR - Unexpected error while creating category: Internal server error
2024-04-05 22:27:54,510 - ERROR - Unexpected error while retrieving categories: Internal server error
2024-04-05 22:27:54,537 - ERROR - Unexpected error while retrieving categories: Internal server error
2024-04-05 22:27:54,592 - ERROR - Unexpected error while retrieving categories: Internal server error
2024-04-05 22:27:54,600 - ERROR - Unexpected error while retrieving categories: Internal server error
2024-04-05 22:27:54,606 - ERROR - Unexpected error while retrieving categories: Internal server error
2024-04-05 22:27:54,637 - ERROR - Unexpected error while retrieving categories: Internal server error
2024-04-05 22:27:54,698 - ERROR - Unexpected error while creating category: Internal server error
2024-04-05 22:29:24,484 - ERROR - Unexpected error while retrieving categories: Internal server error
2024-04-05 22:29:24,509 - ERROR - Unexpected error while retrieving categories: Internal server error
2024-04-05 22:29:24,559 - ERROR - Unexpected error while retrieving categories: Internal server error
2024-04-05 22:29:24,567 - ERROR - Unexpected error while retrieving categories: Internal server error
2024-04-05 22:29:24,575 - ERROR - Unexpected error while retrieving categories: Internal server error
2024-04-05 22:29:24,598 - ERROR - Unexpected error while retrieving categories: Internal server error
2024-04-05 22:29:24,625 - ERROR - Unexpected error while creating category: Internal server error
